c:\01. winapi2d\winapi_2d_djmax\djmax\client\x64\debug\djmax_debug.pch
c:\01. winapi2d\winapi_2d_djmax\djmax\client\x64\debug\vc143.pdb
c:\01. winapi2d\winapi_2d_djmax\djmax\client\x64\debug\vc143.idb
c:\01. winapi2d\winapi_2d_djmax\djmax\client\x64\debug\pch.obj
c:\01. winapi2d\winapi_2d_djmax\djmax\client\x64\debug\cnote.obj
c:\01. winapi2d\winapi_2d_djmax\djmax\client\x64\debug\cmovement.obj
c:\01. winapi2d\winapi_2d_djmax\djmax\client\x64\debug\clogmgr.obj
c:\01. winapi2d\winapi_2d_djmax\djmax\client\x64\debug\clevelmgr.obj
c:\01. winapi2d\winapi_2d_djmax\djmax\client\x64\debug\clevel.obj
c:\01. winapi2d\winapi_2d_djmax\djmax\client\x64\debug\clayer.obj
c:\01. winapi2d\winapi_2d_djmax\djmax\client\x64\debug\ckeymgr.obj
c:\01. winapi2d\winapi_2d_djmax\djmax\client\x64\debug\cgcmgr.obj
c:\01. winapi2d\winapi_2d_djmax\djmax\client\x64\debug\centity.obj
c:\01. winapi2d\winapi_2d_djmax\djmax\client\x64\debug\cengine.obj
c:\01. winapi2d\winapi_2d_djmax\djmax\client\x64\debug\ceditorlevel.obj
c:\01. winapi2d\winapi_2d_djmax\djmax\client\x64\debug\ccomponent.obj
c:\01. winapi2d\winapi_2d_djmax\djmax\client\x64\debug\ccollisionmgr.obj
c:\01. winapi2d\winapi_2d_djmax\djmax\client\x64\debug\ccollider.obj
c:\01. winapi2d\winapi_2d_djmax\djmax\client\x64\debug\ccamera.obj
c:\01. winapi2d\winapi_2d_djmax\djmax\client\x64\debug\cbtnui.obj
c:\01. winapi2d\winapi_2d_djmax\djmax\client\x64\debug\cassetmgr.obj
c:\01. winapi2d\winapi_2d_djmax\djmax\client\x64\debug\casset.obj
c:\01. winapi2d\winapi_2d_djmax\djmax\client\x64\debug\canimator.obj
c:\01. winapi2d\winapi_2d_djmax\djmax\client\x64\debug\canim.obj
c:\01. winapi2d\winapi_2d_djmax\djmax\client\x64\debug\client.tlog\cl.command.1.tlog
c:\01. winapi2d\winapi_2d_djmax\djmax\client\x64\debug\client.tlog\cl.read.1.tlog
c:\01. winapi2d\winapi_2d_djmax\djmax\client\x64\debug\client.tlog\cl.write.1.tlog
